<?xml version="1.0" encoding="UTF-8"?>
<!-- Generated by org.testng.reporters.JUnitReportReporter -->
<testsuite hostname="DESKTOP-906IPAD" failures="0" tests="1" name="testngpkg.SwitchingTabs" time="13.560" errors="0" timestamp="2023-01-18T16:29:56 IST" skipped="0">
  <testcase classname="testngpkg.SwitchingTabs" name="test1" time="13.560"/>
  <system-out/>
</testsuite> <!-- testngpkg.SwitchingTabs -->
