<?xml version="1.0" encoding="UTF-8"?>
<!-- Generated by org.testng.reporters.JUnitReportReporter -->
<testsuite hostname="DESKTOP-906IPAD" failures="0" tests="1" name="Test.Fblogintest" time="2.892" errors="0" timestamp="2023-01-25T14:33:55 IST" skipped="0">
  <testcase classname="Test.Fblogintest" name="testlogin" time="2.892"/>
  <system-out/>
</testsuite> <!-- Test.Fblogintest -->
