<?xml version="1.0" encoding="UTF-8"?>
<!-- Generated by org.testng.reporters.JUnitReportReporter -->
<testsuite hostname="DESKTOP-906IPAD" failures="0" tests="5" name="Pkg.Testngpgm" time="5.531" errors="0" timestamp="2023-01-14T11:56:29 IST" skipped="0">
  <testcase classname="Pkg.Testngpgm" name="test2" time="0.700"/>
  <system-out/>
  <testcase classname="Pkg.Testngpgm" name="test3" time="0.836"/>
  <system-out/>
  <testcase classname="Pkg.Testngpgm" name="titleverification" time="1.033"/>
  <system-out/>
  <testcase classname="Pkg.Testngpgm" name="titleverification" time="2.213"/>
  <system-out/>
  <testcase classname="Pkg.Testngpgm" name="titleverification" time="0.749"/>
  <system-out/>
</testsuite> <!-- Pkg.Testngpgm -->
