<?xml version="1.0" encoding="UTF-8"?>
<!-- Generated by org.testng.reporters.JUnitReportReporter -->
<testsuite hostname="DESKTOP-906IPAD" failures="0" tests="5" name="testngpkg.Rediff" time="7.451" errors="0" timestamp="2023-01-18T19:41:18 IST" skipped="0">
  <testcase classname="testngpkg.Rediff" name="test1" time="0.830"/>
  <system-out/>
  <testcase classname="testngpkg.Rediff" name="test2" time="2.445"/>
  <system-out/>
  <testcase classname="testngpkg.Rediff" name="test4" time="2.681"/>
  <system-out/>
  <testcase classname="testngpkg.Rediff" name="test3" time="0.755"/>
  <system-out/>
  <testcase classname="testngpkg.Rediff" name="test" time="0.740"/>
  <system-out/>
</testsuite> <!-- testngpkg.Rediff -->
