<?xml version="1.0" encoding="UTF-8"?>
<!-- Generated by org.testng.reporters.JUnitReportReporter -->
<testsuite hostname="DESKTOP-906IPAD" failures="0" tests="1" name="testngpkg.Fileuploadrobot" time="4.343" errors="0" timestamp="2023-01-23T14:39:06 IST" skipped="0">
  <testcase classname="testngpkg.Fileuploadrobot" name="test" time="4.343"/>
  <system-out/>
</testsuite> <!-- testngpkg.Fileuploadrobot -->
