<?xml version="1.0" encoding="UTF-8"?>
<!-- Generated by org.testng.reporters.JUnitReportReporter -->
<testsuite hostname="DESKTOP-906IPAD" failures="0" tests="1" name="testngpkg.Copypastepgm" time="4.835" errors="0" timestamp="2023-01-17T14:13:43 IST" skipped="0">
  <testcase classname="testngpkg.Copypastepgm" name="test1" time="4.835"/>
  <system-out/>
</testsuite> <!-- testngpkg.Copypastepgm -->
