<?xml version="1.0" encoding="UTF-8"?>
<!-- Generated by org.testng.reporters.JUnitReportReporter -->
<testsuite hostname="DESKTOP-906IPAD" failures="0" tests="1" name="testngpkg.Datepicker" time="8.430" errors="0" timestamp="2023-01-23T16:00:11 IST" skipped="0">
  <testcase classname="testngpkg.Datepicker" name="test" time="8.430"/>
  <system-out/>
</testsuite> <!-- testngpkg.Datepicker -->
