<?xml version="1.0" encoding="UTF-8"?>
<!-- Generated by org.testng.reporters.JUnitReportReporter -->
<testsuite hostname="DESKTOP-906IPAD" failures="0" tests="1" name="Test.Passworderrortest" time="3.044" errors="0" timestamp="2023-01-25T15:28:26 IST" skipped="0">
  <testcase classname="Test.Passworderrortest" name="testforgottenpassword" time="3.044"/>
  <system-out/>
</testsuite> <!-- Test.Passworderrortest -->
