<?xml version="1.0" encoding="UTF-8"?>
<!-- Generated by org.testng.reporters.JUnitReportReporter -->
<testsuite hostname="DESKTOP-906IPAD" failures="0" tests="1" name="testngpkg.Parameterization" time="10.735" errors="0" timestamp="2023-01-17T14:44:36 IST" skipped="0">
  <testcase classname="testngpkg.Parameterization" name="test1" time="10.735"/>
  <system-out/>
</testsuite> <!-- testngpkg.Parameterization -->
