<?xml version="1.0" encoding="UTF-8"?>
<!-- Generated by org.testng.reporters.JUnitReportReporter -->
<testsuite hostname="DESKTOP-906IPAD" failures="0" tests="3" name="testngpkg.Testngpgm" time="0.007" errors="0" timestamp="2023-01-14T12:27:23 IST" skipped="0">
  <testcase classname="testngpkg.Testngpgm" name="test3" time="0.001"/>
  <system-out/>
  <testcase classname="testngpkg.Testngpgm" name="titleverification" time="0.001"/>
  <system-out/>
  <testcase classname="testngpkg.Testngpgm" name="test2" time="0.005"/>
  <system-out/>
</testsuite> <!-- testngpkg.Testngpgm -->
