<?xml version="1.0" encoding="UTF-8"?>
<!-- Generated by org.testng.reporters.JUnitReportReporter -->
<testsuite hostname="DESKTOP-906IPAD" failures="0" tests="1" name="testngpkg.DragandDrop" time="10.996" errors="0" timestamp="2023-01-17T14:41:05 IST" skipped="0">
  <testcase classname="testngpkg.DragandDrop" name="test1" time="10.996"/>
  <system-out/>
</testsuite> <!-- testngpkg.DragandDrop -->
