<?xml version="1.0" encoding="UTF-8"?>
<!-- Generated by org.testng.reporters.JUnitReportReporter -->
<testsuite hostname="DESKTOP-906IPAD" failures="0" tests="1" name="testngpkg.Datadriven" time="8.880" errors="0" timestamp="2023-01-19T15:00:43 IST" skipped="0">
  <testcase classname="testngpkg.Datadriven" name="test1" time="8.880"/>
  <system-out/>
</testsuite> <!-- testngpkg.Datadriven -->
