<?xml version="1.0" encoding="UTF-8"?>
<!-- Generated by org.testng.reporters.JUnitReportReporter -->
<testsuite hostname="DESKTOP-906IPAD" failures="0" tests="1" name="testngpkg.Ebaypgm" time="14.718" errors="0" timestamp="2023-01-18T15:00:42 IST" skipped="0">
  <testcase classname="testngpkg.Ebaypgm" name="test1" time="14.718"/>
  <system-out/>
</testsuite> <!-- testngpkg.Ebaypgm -->
